[11-Sep-2025 13:03:10 Asia/Jakarta] Failed to load .env file: Unable to read any of the environment file(s) at [/home/apsx2353/public_html/jcetools.my.id/api/.env].
[11-Sep-2025 13:03:54 Asia/Jakarta] Failed to load .env file: Unable to read any of the environment file(s) at [/home/apsx2353/public_html/jcetools.my.id/api/.env].
[11-Sep-2025 13:04:02 Asia/Jakarta] Failed to load .env file: Unable to read any of the environment file(s) at [/home/apsx2353/public_html/jcetools.my.id/api/.env].
[11-Sep-2025 14:10:39 Asia/Jakarta] Invalid API Key
[11-Sep-2025 14:10:55 Asia/Jakarta] Invalid API Key
[11-Sep-2025 14:11:02 Asia/Jakarta] Invalid API Key
[11-Sep-2025 18:58:28 Asia/Jakarta] HWID not found: fffc1bd8bf0c1acaadfbfb19a99c50d2
[11-Sep-2025 18:59:33 Asia/Jakarta] Invalid API Key
[11-Sep-2025 19:03:34 Asia/Jakarta] Invalid API Key
[11-Sep-2025 19:34:35 Asia/Jakarta] HWID not found: b6d071ffa0a99d081b87428685d00492
[11-Sep-2025 19:36:37 Asia/Jakarta] HWID not found: b6d071ffa0a99d081b87428685d00492
[11-Sep-2025 19:38:38 Asia/Jakarta] HWID not found: b6d071ffa0a99d081b87428685d00492
[11-Sep-2025 21:07:50 Asia/Jakarta] HWID not found: 1ffc5b0bcb99080ac1cc8aaad6639c71
[11-Sep-2025 21:09:51 Asia/Jakarta] HWID not found: 1ffc5b0bcb99080ac1cc8aaad6639c71
[11-Sep-2025 21:10:42 Asia/Jakarta] HWID not found: 3ecdabf5565d826f3b7b76594df31fb0
[11-Sep-2025 21:11:13 Asia/Jakarta] HWID not found: 3ecdabf5565d826f3b7b76594df31fb0
[11-Sep-2025 21:16:36 Asia/Jakarta] Invalid API Key
[11-Sep-2025 21:16:36 Asia/Jakarta] Invalid API Key
[11-Sep-2025 21:16:37 Asia/Jakarta] Invalid API Key
[11-Sep-2025 21:16:41 Asia/Jakarta] Invalid API Key
[11-Sep-2025 21:16:44 Asia/Jakarta] Invalid API Key
[11-Sep-2025 21:16:51 Asia/Jakarta] Invalid API Key
[11-Sep-2025 21:17:04 Asia/Jakarta] Invalid API Key
[11-Sep-2025 21:17:30 Asia/Jakarta] Invalid API Key
[11-Sep-2025 21:46:50 Asia/Jakarta] HWID not found: b6d071ffa0a99d081b87428685d00492
[11-Sep-2025 22:10:58 Asia/Jakarta] HWID not found: a340518ba341eb1189dcd82d6220fc13
[11-Sep-2025 22:11:29 Asia/Jakarta] HWID not found: a340518ba341eb1189dcd82d6220fc13
[11-Sep-2025 22:13:08 Asia/Jakarta] HWID not found: a340518ba341eb1189dcd82d6220fc13
[11-Sep-2025 22:16:14 Asia/Jakarta] Invalid API Key
[11-Sep-2025 22:16:40 Asia/Jakarta] Invalid API Key
[11-Sep-2025 22:16:59 Asia/Jakarta] Invalid API Key
[11-Sep-2025 22:22:18 Asia/Jakarta] Invalid API Key
[11-Sep-2025 22:48:33 Asia/Jakarta] HWID not found: d8a562bef77a2e3371c40c3f7239338c
[11-Sep-2025 22:56:22 Asia/Jakarta] Invalid API Key
[11-Sep-2025 23:15:34 Asia/Jakarta] Invalid API Key
[11-Sep-2025 23:15:34 Asia/Jakarta] Invalid API Key
[11-Sep-2025 23:15:34 Asia/Jakarta] Invalid API Key
[11-Sep-2025 23:15:39 Asia/Jakarta] Invalid API Key
[11-Sep-2025 23:15:39 Asia/Jakarta] Invalid API Key
[11-Sep-2025 23:15:40 Asia/Jakarta] Invalid API Key
[11-Sep-2025 23:15:40 Asia/Jakarta] Invalid API Key
[11-Sep-2025 23:15:40 Asia/Jakarta] Invalid API Key
[11-Sep-2025 23:15:40 Asia/Jakarta] Invalid API Key
[11-Sep-2025 23:15:40 Asia/Jakarta] Invalid API Key
[11-Sep-2025 23:15:40 Asia/Jakarta] Invalid API Key
[11-Sep-2025 23:15:40 Asia/Jakarta] Invalid API Key
[11-Sep-2025 23:15:40 Asia/Jakarta] Invalid API Key
[11-Sep-2025 23:15:40 Asia/Jakarta] Invalid API Key
[11-Sep-2025 23:15:40 Asia/Jakarta] Invalid API Key
[11-Sep-2025 23:15:40 Asia/Jakarta] Invalid API Key
[11-Sep-2025 23:15:41 Asia/Jakarta] Invalid API Key
[11-Sep-2025 23:15:41 Asia/Jakarta] Invalid API Key
[11-Sep-2025 23:15:42 Asia/Jakarta] Invalid API Key
[11-Sep-2025 23:15:44 Asia/Jakarta] Invalid API Key
[11-Sep-2025 23:15:46 Asia/Jakarta] Invalid API Key
[11-Sep-2025 23:15:46 Asia/Jakarta] Invalid API Key
[11-Sep-2025 23:15:47 Asia/Jakarta] Invalid API Key
[11-Sep-2025 23:15:47 Asia/Jakarta] Invalid API Key
[11-Sep-2025 23:15:47 Asia/Jakarta] Invalid API Key
[11-Sep-2025 23:15:48 Asia/Jakarta] Invalid API Key
[11-Sep-2025 23:15:48 Asia/Jakarta] Invalid API Key
[11-Sep-2025 23:15:48 Asia/Jakarta] Invalid API Key
[11-Sep-2025 23:15:49 Asia/Jakarta] Invalid API Key
[11-Sep-2025 23:15:49 Asia/Jakarta] Invalid API Key
[11-Sep-2025 23:15:50 Asia/Jakarta] Invalid API Key
[11-Sep-2025 23:15:50 Asia/Jakarta] Invalid API Key
[11-Sep-2025 23:15:50 Asia/Jakarta] Invalid API Key
[11-Sep-2025 23:15:50 Asia/Jakarta] Invalid API Key
[11-Sep-2025 23:15:50 Asia/Jakarta] Invalid API Key
[11-Sep-2025 23:15:50 Asia/Jakarta] Invalid API Key
[11-Sep-2025 23:15:50 Asia/Jakarta] Invalid API Key
[11-Sep-2025 23:15:50 Asia/Jakarta] Invalid API Key
[11-Sep-2025 23:15:50 Asia/Jakarta] Invalid API Key
[11-Sep-2025 23:15:50 Asia/Jakarta] Invalid API Key
[11-Sep-2025 23:15:50 Asia/Jakarta] Invalid API Key
[11-Sep-2025 23:15:50 Asia/Jakarta] Invalid API Key
[11-Sep-2025 23:15:50 Asia/Jakarta] Invalid API Key
[11-Sep-2025 23:15:50 Asia/Jakarta] Invalid API Key
[11-Sep-2025 23:15:50 Asia/Jakarta] Invalid API Key
[11-Sep-2025 23:15:50 Asia/Jakarta] Invalid API Key
[11-Sep-2025 23:15:51 Asia/Jakarta] Invalid API Key
[11-Sep-2025 23:15:51 Asia/Jakarta] Invalid API Key
[11-Sep-2025 23:15:52 Asia/Jakarta] Invalid API Key
[11-Sep-2025 23:15:54 Asia/Jakarta] Invalid API Key
[11-Sep-2025 23:15:56 Asia/Jakarta] Invalid API Key
[11-Sep-2025 23:15:57 Asia/Jakarta] Invalid API Key
[11-Sep-2025 23:15:58 Asia/Jakarta] Invalid API Key
[11-Sep-2025 23:16:00 Asia/Jakarta] Invalid API Key
[11-Sep-2025 23:24:23 Asia/Jakarta] Invalid API Key
[11-Sep-2025 23:38:59 Asia/Jakarta] Invalid API Key
[12-Sep-2025 00:22:49 Asia/Jakarta] HWID not found: d878b107e9aa421a8bf72ba4e3b42f8c
[12-Sep-2025 00:24:50 Asia/Jakarta] HWID not found: d878b107e9aa421a8bf72ba4e3b42f8c
[12-Sep-2025 00:49:40 Asia/Jakarta] Invalid API Key
[12-Sep-2025 00:49:44 Asia/Jakarta] Invalid API Key
[12-Sep-2025 02:53:03 Asia/Jakarta] HWID not found: 003a23777f4969257bd69667e3f25b91
[12-Sep-2025 02:55:05 Asia/Jakarta] HWID not found: 003a23777f4969257bd69667e3f25b91
[12-Sep-2025 02:57:07 Asia/Jakarta] HWID not found: 003a23777f4969257bd69667e3f25b91
[12-Sep-2025 08:00:38 Asia/Jakarta] Invalid API Key
[12-Sep-2025 12:14:19 Asia/Jakarta] HWID not found: 1ffc5b0bcb99080ac1cc8aaad6639c71
[12-Sep-2025 12:16:20 Asia/Jakarta] HWID not found: 1ffc5b0bcb99080ac1cc8aaad6639c71
[12-Sep-2025 12:23:41 Asia/Jakarta] HWID not found: f49eca3bb61dea558b2bdab3f8e6ba53
[12-Sep-2025 12:25:43 Asia/Jakarta] HWID not found: f49eca3bb61dea558b2bdab3f8e6ba53
[12-Sep-2025 12:26:09 Asia/Jakarta] HWID not found: f49eca3bb61dea558b2bdab3f8e6ba53
[12-Sep-2025 12:27:27 Asia/Jakarta] Invalid API Key
[12-Sep-2025 12:33:57 Asia/Jakarta] Invalid API Key
[12-Sep-2025 13:15:59 Asia/Jakarta] HWID not found: a340518ba341eb1189dcd82d6220fc13
[12-Sep-2025 13:16:33 Asia/Jakarta] HWID not found: a340518ba341eb1189dcd82d6220fc13
[12-Sep-2025 13:16:55 Asia/Jakarta] HWID not found: a340518ba341eb1189dcd82d6220fc13
[12-Sep-2025 13:17:16 Asia/Jakarta] HWID not found: a340518ba341eb1189dcd82d6220fc13
[12-Sep-2025 13:17:37 Asia/Jakarta] HWID not found: a340518ba341eb1189dcd82d6220fc13
[12-Sep-2025 13:17:58 Asia/Jakarta] HWID not found: a340518ba341eb1189dcd82d6220fc13
[12-Sep-2025 13:18:18 Asia/Jakarta] HWID not found: a340518ba341eb1189dcd82d6220fc13
[12-Sep-2025 13:18:39 Asia/Jakarta] HWID not found: a340518ba341eb1189dcd82d6220fc13
[12-Sep-2025 13:19:09 Asia/Jakarta] HWID not found: d8a562bef77a2e3371c40c3f7239338c
[12-Sep-2025 14:31:59 Asia/Jakarta] Invalid API Key
[12-Sep-2025 14:32:00 Asia/Jakarta] Invalid API Key
[12-Sep-2025 14:32:00 Asia/Jakarta] Invalid API Key
[12-Sep-2025 14:32:01 Asia/Jakarta] Invalid API Key
[12-Sep-2025 14:32:02 Asia/Jakarta] Invalid API Key
[12-Sep-2025 14:32:03 Asia/Jakarta] Invalid API Key
[12-Sep-2025 14:32:03 Asia/Jakarta] Invalid API Key
[12-Sep-2025 14:32:03 Asia/Jakarta] Invalid API Key
[12-Sep-2025 14:32:03 Asia/Jakarta] Invalid API Key
[12-Sep-2025 14:32:03 Asia/Jakarta] Invalid API Key
[12-Sep-2025 14:32:03 Asia/Jakarta] Invalid API Key
[12-Sep-2025 14:32:03 Asia/Jakarta] Invalid API Key
[12-Sep-2025 14:32:03 Asia/Jakarta] Invalid API Key
[12-Sep-2025 14:32:03 Asia/Jakarta] Invalid API Key
[12-Sep-2025 14:32:03 Asia/Jakarta] Invalid API Key
[12-Sep-2025 14:32:03 Asia/Jakarta] Invalid API Key
[12-Sep-2025 14:32:04 Asia/Jakarta] Invalid API Key
[12-Sep-2025 14:32:04 Asia/Jakarta] Invalid API Key
[12-Sep-2025 14:32:04 Asia/Jakarta] Invalid API Key
[12-Sep-2025 14:32:04 Asia/Jakarta] Invalid API Key
[12-Sep-2025 14:32:04 Asia/Jakarta] Invalid API Key
[12-Sep-2025 14:32:04 Asia/Jakarta] Invalid API Key
[12-Sep-2025 14:32:04 Asia/Jakarta] Invalid API Key
[12-Sep-2025 14:32:04 Asia/Jakarta] Invalid API Key
[12-Sep-2025 14:32:04 Asia/Jakarta] Invalid API Key
[12-Sep-2025 14:32:05 Asia/Jakarta] Invalid API Key
[12-Sep-2025 14:32:05 Asia/Jakarta] Invalid API Key
[12-Sep-2025 14:32:05 Asia/Jakarta] Invalid API Key
[12-Sep-2025 14:32:06 Asia/Jakarta] Invalid API Key
[12-Sep-2025 14:32:06 Asia/Jakarta] Invalid API Key
[12-Sep-2025 14:32:06 Asia/Jakarta] Invalid API Key
[12-Sep-2025 14:32:07 Asia/Jakarta] Invalid API Key
[12-Sep-2025 14:32:07 Asia/Jakarta] Invalid API Key
[12-Sep-2025 14:32:07 Asia/Jakarta] Invalid API Key
[12-Sep-2025 14:32:07 Asia/Jakarta] Invalid API Key
[12-Sep-2025 14:32:07 Asia/Jakarta] Invalid API Key
[12-Sep-2025 14:32:07 Asia/Jakarta] Invalid API Key
[12-Sep-2025 14:32:07 Asia/Jakarta] Invalid API Key
[12-Sep-2025 14:32:07 Asia/Jakarta] Invalid API Key
[12-Sep-2025 14:32:07 Asia/Jakarta] Invalid API Key
[12-Sep-2025 14:32:07 Asia/Jakarta] Invalid API Key
[12-Sep-2025 14:32:07 Asia/Jakarta] Invalid API Key
[12-Sep-2025 14:32:07 Asia/Jakarta] Invalid API Key
[12-Sep-2025 14:32:07 Asia/Jakarta] Invalid API Key
[12-Sep-2025 14:32:07 Asia/Jakarta] Invalid API Key
[12-Sep-2025 14:32:07 Asia/Jakarta] Invalid API Key
[12-Sep-2025 14:32:08 Asia/Jakarta] Invalid API Key
[12-Sep-2025 14:32:08 Asia/Jakarta] Invalid API Key
[12-Sep-2025 14:32:08 Asia/Jakarta] Invalid API Key
[12-Sep-2025 14:32:08 Asia/Jakarta] Invalid API Key
[12-Sep-2025 14:32:08 Asia/Jakarta] Invalid API Key
[12-Sep-2025 14:32:08 Asia/Jakarta] Invalid API Key
[12-Sep-2025 14:32:08 Asia/Jakarta] Invalid API Key
[12-Sep-2025 14:32:09 Asia/Jakarta] Invalid API Key
[12-Sep-2025 14:32:09 Asia/Jakarta] Invalid API Key
[12-Sep-2025 14:32:10 Asia/Jakarta] Invalid API Key
[12-Sep-2025 14:32:10 Asia/Jakarta] Invalid API Key
[12-Sep-2025 14:32:11 Asia/Jakarta] Invalid API Key
[12-Sep-2025 14:32:13 Asia/Jakarta] Invalid API Key
[12-Sep-2025 14:32:14 Asia/Jakarta] Invalid API Key
[12-Sep-2025 14:43:22 Asia/Jakarta] HWID not found: b6d071ffa0a99d081b87428685d00492
[12-Sep-2025 14:45:25 Asia/Jakarta] HWID not found: b6d071ffa0a99d081b87428685d00492
[12-Sep-2025 14:47:29 Asia/Jakarta] HWID not found: b6d071ffa0a99d081b87428685d00492
[12-Sep-2025 16:09:07 Asia/Jakarta] HWID not found: d878b107e9aa421a8bf72ba4e3b42f8c
[12-Sep-2025 16:39:00 Asia/Jakarta] HWID not found: d878b107e9aa421a8bf72ba4e3b42f8c
[12-Sep-2025 16:41:02 Asia/Jakarta] HWID not found: d878b107e9aa421a8bf72ba4e3b42f8c
[13-Sep-2025 05:23:03 Asia/Jakarta] Invalid API Key
[13-Sep-2025 09:56:21 Asia/Jakarta] HWID not found: 1a37b86ef791ac24c842bd998db73ba1
[14-Sep-2025 21:37:10 Asia/Jakarta] HWID not found: 1ffc5b0bcb99080ac1cc8aaad6639c71
[14-Sep-2025 21:39:11 Asia/Jakarta] HWID not found: 1ffc5b0bcb99080ac1cc8aaad6639c71
[14-Sep-2025 21:40:07 Asia/Jakarta] HWID not found: 167130a598dbe976f9d2f08b6081bc19
[14-Sep-2025 21:41:14 Asia/Jakarta] HWID not found: 167130a598dbe976f9d2f08b6081bc19
[14-Sep-2025 22:15:38 Asia/Jakarta] Invalid API Key
[14-Sep-2025 22:15:51 Asia/Jakarta] Invalid API Key
[14-Sep-2025 23:19:18 Asia/Jakarta] HWID not found: d8a562bef77a2e3371c40c3f7239338c
[14-Sep-2025 23:46:25 Asia/Jakarta] Invalid API Key
[14-Sep-2025 23:46:25 Asia/Jakarta] Invalid API Key
[14-Sep-2025 23:46:25 Asia/Jakarta] Invalid API Key
[14-Sep-2025 23:46:26 Asia/Jakarta] Invalid API Key
[14-Sep-2025 23:46:30 Asia/Jakarta] Invalid API Key
[14-Sep-2025 23:46:31 Asia/Jakarta] Invalid API Key
[14-Sep-2025 23:46:31 Asia/Jakarta] Invalid API Key
[14-Sep-2025 23:46:31 Asia/Jakarta] Invalid API Key
[14-Sep-2025 23:46:31 Asia/Jakarta] Invalid API Key
[14-Sep-2025 23:46:32 Asia/Jakarta] Invalid API Key
[14-Sep-2025 23:46:32 Asia/Jakarta] Invalid API Key
[14-Sep-2025 23:46:33 Asia/Jakarta] Invalid API Key
[14-Sep-2025 23:46:33 Asia/Jakarta] Invalid API Key
[14-Sep-2025 23:46:33 Asia/Jakarta] Invalid API Key
[14-Sep-2025 23:46:33 Asia/Jakarta] Invalid API Key
[14-Sep-2025 23:46:33 Asia/Jakarta] Invalid API Key
[14-Sep-2025 23:46:33 Asia/Jakarta] Invalid API Key
[14-Sep-2025 23:46:33 Asia/Jakarta] Invalid API Key
[14-Sep-2025 23:46:33 Asia/Jakarta] Invalid API Key
[14-Sep-2025 23:46:33 Asia/Jakarta] Invalid API Key
[14-Sep-2025 23:46:33 Asia/Jakarta] Invalid API Key
[14-Sep-2025 23:46:33 Asia/Jakarta] Invalid API Key
[14-Sep-2025 23:46:33 Asia/Jakarta] Invalid API Key
[14-Sep-2025 23:46:33 Asia/Jakarta] Invalid API Key
[14-Sep-2025 23:46:33 Asia/Jakarta] Invalid API Key
[14-Sep-2025 23:46:33 Asia/Jakarta] Invalid API Key
[14-Sep-2025 23:46:33 Asia/Jakarta] Invalid API Key
[14-Sep-2025 23:46:33 Asia/Jakarta] Invalid API Key
[14-Sep-2025 23:46:33 Asia/Jakarta] Invalid API Key
[14-Sep-2025 23:46:33 Asia/Jakarta] Invalid API Key
[14-Sep-2025 23:46:33 Asia/Jakarta] Invalid API Key
[14-Sep-2025 23:46:33 Asia/Jakarta] Invalid API Key
[14-Sep-2025 23:46:33 Asia/Jakarta] Invalid API Key
[14-Sep-2025 23:46:33 Asia/Jakarta] Invalid API Key
[14-Sep-2025 23:46:33 Asia/Jakarta] Invalid API Key
[14-Sep-2025 23:46:33 Asia/Jakarta] Invalid API Key
[14-Sep-2025 23:46:34 Asia/Jakarta] Invalid API Key
[14-Sep-2025 23:46:35 Asia/Jakarta] Invalid API Key
[14-Sep-2025 23:46:35 Asia/Jakarta] Invalid API Key
[14-Sep-2025 23:46:35 Asia/Jakarta] Invalid API Key
[14-Sep-2025 23:46:35 Asia/Jakarta] Invalid API Key
[14-Sep-2025 23:46:41 Asia/Jakarta] Invalid API Key
[14-Sep-2025 23:46:42 Asia/Jakarta] Invalid API Key
[14-Sep-2025 23:46:43 Asia/Jakarta] Invalid API Key
[14-Sep-2025 23:46:43 Asia/Jakarta] Invalid API Key
[14-Sep-2025 23:46:44 Asia/Jakarta] Invalid API Key
[14-Sep-2025 23:46:51 Asia/Jakarta] Invalid API Key
[14-Sep-2025 23:46:52 Asia/Jakarta] Invalid API Key
[14-Sep-2025 23:46:53 Asia/Jakarta] Invalid API Key
[14-Sep-2025 23:46:54 Asia/Jakarta] Invalid API Key
[15-Sep-2025 00:06:24 Asia/Jakarta] HWID not found: b6d071ffa0a99d081b87428685d00492
[15-Sep-2025 00:08:25 Asia/Jakarta] HWID not found: b6d071ffa0a99d081b87428685d00492
[15-Sep-2025 00:10:27 Asia/Jakarta] HWID not found: b6d071ffa0a99d081b87428685d00492
[15-Sep-2025 10:52:16 Asia/Jakarta] HWID not found: a831ee0d164e338da00923c360e754d1
[16-Sep-2025 03:27:12 Asia/Jakarta] HWID not found: 2941d1ecef643e28cad88002fc3105f5
[17-Sep-2025 16:12:49 Asia/Jakarta] Invalid API Key
[17-Sep-2025 16:12:50 Asia/Jakarta] Invalid API Key
[17-Sep-2025 19:58:23 Asia/Jakarta] PHP Warning:  require_once(/home/apsx2353/public_html/jcetools.my.id/api/vendor/autoload.php): Failed to open stream: No such file or directory in /home/apsx2353/public_html/jcetools.my.id/api/cektest.php on line 10
[17-Sep-2025 19:58:23 Asia/Jakarta] PHP Fatal error:  Uncaught Error: Failed opening required '/home/apsx2353/public_html/jcetools.my.id/api/vendor/autoload.php' (include_path='.:/opt/alt/php82/usr/share/pear:/opt/alt/php82/usr/share/php:/usr/share/pear:/usr/share/php') in /home/apsx2353/public_html/jcetools.my.id/api/cektest.php:10
Stack trace:
#0 {main}
  thrown in /home/apsx2353/public_html/jcetools.my.id/api/cektest.php on line 10
[17-Sep-2025 19:58:35 Asia/Jakarta] PHP Warning:  require_once(/home/apsx2353/public_html/jcetools.my.id/api/vendor/autoload.php): Failed to open stream: No such file or directory in /home/apsx2353/public_html/jcetools.my.id/api/cektest.php on line 10
[17-Sep-2025 19:58:35 Asia/Jakarta] PHP Fatal error:  Uncaught Error: Failed opening required '/home/apsx2353/public_html/jcetools.my.id/api/vendor/autoload.php' (include_path='.:/opt/alt/php82/usr/share/pear:/opt/alt/php82/usr/share/php:/usr/share/pear:/usr/share/php') in /home/apsx2353/public_html/jcetools.my.id/api/cektest.php:10
Stack trace:
#0 {main}
  thrown in /home/apsx2353/public_html/jcetools.my.id/api/cektest.php on line 10
[17-Sep-2025 19:59:39 Asia/Jakarta] PHP Warning:  require_once(/home/apsx2353/public_html/jcetools.my.id/api/vendor/autoload.php): Failed to open stream: No such file or directory in /home/apsx2353/public_html/jcetools.my.id/api/cektest.php on line 10
[17-Sep-2025 19:59:39 Asia/Jakarta] PHP Fatal error:  Uncaught Error: Failed opening required '/home/apsx2353/public_html/jcetools.my.id/api/vendor/autoload.php' (include_path='.:/opt/alt/php82/usr/share/pear:/opt/alt/php82/usr/share/php:/usr/share/pear:/usr/share/php') in /home/apsx2353/public_html/jcetools.my.id/api/cektest.php:10
Stack trace:
#0 {main}
  thrown in /home/apsx2353/public_html/jcetools.my.id/api/cektest.php on line 10
[17-Sep-2025 20:07:49 Asia/Jakarta] PHP Warning:  require_once(/home/apsx2353/public_html/jcetools.my.id/api/vendor/autoload.php): Failed to open stream: No such file or directory in /home/apsx2353/public_html/jcetools.my.id/api/cektest.php on line 10
[17-Sep-2025 20:07:49 Asia/Jakarta] PHP Fatal error:  Uncaught Error: Failed opening required '/home/apsx2353/public_html/jcetools.my.id/api/vendor/autoload.php' (include_path='.:/opt/alt/php82/usr/share/pear:/opt/alt/php82/usr/share/php:/usr/share/pear:/usr/share/php') in /home/apsx2353/public_html/jcetools.my.id/api/cektest.php:10
Stack trace:
#0 {main}
  thrown in /home/apsx2353/public_html/jcetools.my.id/api/cektest.php on line 10
[17-Sep-2025 20:08:05 Asia/Jakarta] PHP Warning:  require_once(/home/apsx2353/public_html/jcetools.my.id/api/vendor/autoload.php): Failed to open stream: No such file or directory in /home/apsx2353/public_html/jcetools.my.id/api/cektest.php on line 10
[17-Sep-2025 20:08:05 Asia/Jakarta] PHP Fatal error:  Uncaught Error: Failed opening required '/home/apsx2353/public_html/jcetools.my.id/api/vendor/autoload.php' (include_path='.:/opt/alt/php82/usr/share/pear:/opt/alt/php82/usr/share/php:/usr/share/pear:/usr/share/php') in /home/apsx2353/public_html/jcetools.my.id/api/cektest.php:10
Stack trace:
#0 {main}
  thrown in /home/apsx2353/public_html/jcetools.my.id/api/cektest.php on line 10
[17-Sep-2025 20:18:05 Asia/Jakarta] PHP Warning:  require_once(/home/apsx2353/public_html/jcetools.my.id/api/vendor/autoload.php): Failed to open stream: No such file or directory in /home/apsx2353/public_html/jcetools.my.id/api/cektest.php on line 10
[17-Sep-2025 20:18:05 Asia/Jakarta] PHP Fatal error:  Uncaught Error: Failed opening required '/home/apsx2353/public_html/jcetools.my.id/api/vendor/autoload.php' (include_path='.:/opt/alt/php82/usr/share/pear:/opt/alt/php82/usr/share/php:/usr/share/pear:/usr/share/php') in /home/apsx2353/public_html/jcetools.my.id/api/cektest.php:10
Stack trace:
#0 {main}
  thrown in /home/apsx2353/public_html/jcetools.my.id/api/cektest.php on line 10
[17-Sep-2025 20:19:11 Asia/Jakarta] PHP Warning:  require_once(/home/apsx2353/public_html/jcetools.my.id/api/vendor/autoload.php): Failed to open stream: No such file or directory in /home/apsx2353/public_html/jcetools.my.id/api/cektest.php on line 10
[17-Sep-2025 20:19:11 Asia/Jakarta] PHP Fatal error:  Uncaught Error: Failed opening required '/home/apsx2353/public_html/jcetools.my.id/api/vendor/autoload.php' (include_path='.:/opt/alt/php82/usr/share/pear:/opt/alt/php82/usr/share/php:/usr/share/pear:/usr/share/php') in /home/apsx2353/public_html/jcetools.my.id/api/cektest.php:10
Stack trace:
#0 {main}
  thrown in /home/apsx2353/public_html/jcetools.my.id/api/cektest.php on line 10
[17-Sep-2025 20:20:06 Asia/Jakarta] PHP Warning:  require_once(/home/apsx2353/public_html/jcetools.my.id/api/vendor/autoload.php): Failed to open stream: No such file or directory in /home/apsx2353/public_html/jcetools.my.id/api/cektest.php on line 10
[17-Sep-2025 20:20:06 Asia/Jakarta] PHP Fatal error:  Uncaught Error: Failed opening required '/home/apsx2353/public_html/jcetools.my.id/api/vendor/autoload.php' (include_path='.:/opt/alt/php82/usr/share/pear:/opt/alt/php82/usr/share/php:/usr/share/pear:/usr/share/php') in /home/apsx2353/public_html/jcetools.my.id/api/cektest.php:10
Stack trace:
#0 {main}
  thrown in /home/apsx2353/public_html/jcetools.my.id/api/cektest.php on line 10
[17-Sep-2025 20:20:55 Asia/Jakarta] PHP Warning:  require_once(/home/apsx2353/public_html/jcetools.my.id/api/vendor/autoload.php): Failed to open stream: No such file or directory in /home/apsx2353/public_html/jcetools.my.id/api/cektest.php on line 10
[17-Sep-2025 20:20:55 Asia/Jakarta] PHP Fatal error:  Uncaught Error: Failed opening required '/home/apsx2353/public_html/jcetools.my.id/api/vendor/autoload.php' (include_path='.:/opt/alt/php82/usr/share/pear:/opt/alt/php82/usr/share/php:/usr/share/pear:/usr/share/php') in /home/apsx2353/public_html/jcetools.my.id/api/cektest.php:10
Stack trace:
#0 {main}
  thrown in /home/apsx2353/public_html/jcetools.my.id/api/cektest.php on line 10
[17-Sep-2025 20:21:04 Asia/Jakarta] PHP Warning:  require_once(/home/apsx2353/public_html/jcetools.my.id/api/vendor/autoload.php): Failed to open stream: No such file or directory in /home/apsx2353/public_html/jcetools.my.id/api/cektest.php on line 10
[17-Sep-2025 20:21:04 Asia/Jakarta] PHP Fatal error:  Uncaught Error: Failed opening required '/home/apsx2353/public_html/jcetools.my.id/api/vendor/autoload.php' (include_path='.:/opt/alt/php82/usr/share/pear:/opt/alt/php82/usr/share/php:/usr/share/pear:/usr/share/php') in /home/apsx2353/public_html/jcetools.my.id/api/cektest.php:10
Stack trace:
#0 {main}
  thrown in /home/apsx2353/public_html/jcetools.my.id/api/cektest.php on line 10
[17-Sep-2025 20:21:56 Asia/Jakarta] PHP Warning:  require_once(/home/apsx2353/public_html/jcetools.my.id/api/vendor/autoload.php): Failed to open stream: No such file or directory in /home/apsx2353/public_html/jcetools.my.id/api/cektest.php on line 10
[17-Sep-2025 20:21:56 Asia/Jakarta] PHP Fatal error:  Uncaught Error: Failed opening required '/home/apsx2353/public_html/jcetools.my.id/api/vendor/autoload.php' (include_path='.:/opt/alt/php82/usr/share/pear:/opt/alt/php82/usr/share/php:/usr/share/pear:/usr/share/php') in /home/apsx2353/public_html/jcetools.my.id/api/cektest.php:10
Stack trace:
#0 {main}
  thrown in /home/apsx2353/public_html/jcetools.my.id/api/cektest.php on line 10
[17-Sep-2025 20:23:56 Asia/Jakarta] PHP Warning:  require_once(/home/apsx2353/public_html/jcetools.my.id/api/vendor/autoload.php): Failed to open stream: No such file or directory in /home/apsx2353/public_html/jcetools.my.id/api/cektest.php on line 10
[17-Sep-2025 20:23:56 Asia/Jakarta] PHP Fatal error:  Uncaught Error: Failed opening required '/home/apsx2353/public_html/jcetools.my.id/api/vendor/autoload.php' (include_path='.:/opt/alt/php82/usr/share/pear:/opt/alt/php82/usr/share/php:/usr/share/pear:/usr/share/php') in /home/apsx2353/public_html/jcetools.my.id/api/cektest.php:10
Stack trace:
#0 {main}
  thrown in /home/apsx2353/public_html/jcetools.my.id/api/cektest.php on line 10
[18-Sep-2025 13:23:09 Asia/Jakarta] HWID not found: 2b1c4bed093e473c7dccfb4997afff62
[18-Sep-2025 13:37:50 Asia/Jakarta] HWID not found: 2b1c4bed093e473c7dccfb4997afff62
[18-Sep-2025 13:44:39 Asia/Jakarta] HWID not found: 2b1c4bed093e473c7dccfb4997afff62
[18-Sep-2025 13:46:40 Asia/Jakarta] HWID not found: 2b1c4bed093e473c7dccfb4997afff62
[18-Sep-2025 13:48:40 Asia/Jakarta] HWID not found: 2b1c4bed093e473c7dccfb4997afff62
[19-Sep-2025 01:11:53 Asia/Jakarta] HWID not found: eda98ed8a9dd9efa79981dd04e11a708
[19-Sep-2025 18:42:30 Asia/Jakarta] HWID not found: afa275ba67b7fd587e73034e452025f8
[19-Sep-2025 18:43:16 Asia/Jakarta] HWID not found: a8a13df9bc73a1afa21880674c2c2ad8
[20-Sep-2025 07:17:43 Asia/Jakarta] HWID not found: e3293975734571e94b33aa7ebe3e3e94
