[11-Sep-2025 13:03:10 Asia/Jakarta] Failed to load .env file: Unable to read any of the environment file(s) at [/home/apsx2353/public_html/jcetools.my.id/api/.env].
[11-Sep-2025 13:03:54 Asia/Jakarta] Failed to load .env file: Unable to read any of the environment file(s) at [/home/apsx2353/public_html/jcetools.my.id/api/.env].
[11-Sep-2025 13:04:02 Asia/Jakarta] Failed to load .env file: Unable to read any of the environment file(s) at [/home/apsx2353/public_html/jcetools.my.id/api/.env].
[11-Sep-2025 14:10:39 Asia/Jakarta] Invalid API Key
[11-Sep-2025 14:10:55 Asia/Jakarta] Invalid API Key
[11-Sep-2025 14:11:02 Asia/Jakarta] Invalid API Key
[11-Sep-2025 18:58:28 Asia/Jakarta] HWID not found: fffc1bd8bf0c1acaadfbfb19a99c50d2
[11-Sep-2025 18:59:33 Asia/Jakarta] Invalid API Key
[11-Sep-2025 19:03:34 Asia/Jakarta] Invalid API Key
[11-Sep-2025 19:34:35 Asia/Jakarta] HWID not found: b6d071ffa0a99d081b87428685d00492
[11-Sep-2025 19:36:37 Asia/Jakarta] HWID not found: b6d071ffa0a99d081b87428685d00492
[11-Sep-2025 19:38:38 Asia/Jakarta] HWID not found: b6d071ffa0a99d081b87428685d00492
[11-Sep-2025 21:07:50 Asia/Jakarta] HWID not found: 1ffc5b0bcb99080ac1cc8aaad6639c71
[11-Sep-2025 21:09:51 Asia/Jakarta] HWID not found: 1ffc5b0bcb99080ac1cc8aaad6639c71
[11-Sep-2025 21:10:42 Asia/Jakarta] HWID not found: 3ecdabf5565d826f3b7b76594df31fb0
[11-Sep-2025 21:11:13 Asia/Jakarta] HWID not found: 3ecdabf5565d826f3b7b76594df31fb0
[11-Sep-2025 21:16:36 Asia/Jakarta] Invalid API Key
[11-Sep-2025 21:16:36 Asia/Jakarta] Invalid API Key
[11-Sep-2025 21:16:37 Asia/Jakarta] Invalid API Key
[11-Sep-2025 21:16:41 Asia/Jakarta] Invalid API Key
[11-Sep-2025 21:16:44 Asia/Jakarta] Invalid API Key
[11-Sep-2025 21:16:51 Asia/Jakarta] Invalid API Key
[11-Sep-2025 21:17:04 Asia/Jakarta] Invalid API Key
[11-Sep-2025 21:17:30 Asia/Jakarta] Invalid API Key
[11-Sep-2025 21:46:50 Asia/Jakarta] HWID not found: b6d071ffa0a99d081b87428685d00492
[11-Sep-2025 22:10:58 Asia/Jakarta] HWID not found: a340518ba341eb1189dcd82d6220fc13
[11-Sep-2025 22:11:29 Asia/Jakarta] HWID not found: a340518ba341eb1189dcd82d6220fc13
[11-Sep-2025 22:13:08 Asia/Jakarta] HWID not found: a340518ba341eb1189dcd82d6220fc13
[11-Sep-2025 22:16:14 Asia/Jakarta] Invalid API Key
[11-Sep-2025 22:16:40 Asia/Jakarta] Invalid API Key
[11-Sep-2025 22:16:59 Asia/Jakarta] Invalid API Key
[11-Sep-2025 22:22:18 Asia/Jakarta] Invalid API Key
[11-Sep-2025 22:48:33 Asia/Jakarta] HWID not found: d8a562bef77a2e3371c40c3f7239338c
[11-Sep-2025 22:56:22 Asia/Jakarta] Invalid API Key
[11-Sep-2025 23:15:34 Asia/Jakarta] Invalid API Key
[11-Sep-2025 23:15:34 Asia/Jakarta] Invalid API Key
[11-Sep-2025 23:15:34 Asia/Jakarta] Invalid API Key
[11-Sep-2025 23:15:39 Asia/Jakarta] Invalid API Key
[11-Sep-2025 23:15:39 Asia/Jakarta] Invalid API Key
[11-Sep-2025 23:15:40 Asia/Jakarta] Invalid API Key
[11-Sep-2025 23:15:40 Asia/Jakarta] Invalid API Key
[11-Sep-2025 23:15:40 Asia/Jakarta] Invalid API Key
[11-Sep-2025 23:15:40 Asia/Jakarta] Invalid API Key
[11-Sep-2025 23:15:40 Asia/Jakarta] Invalid API Key
[11-Sep-2025 23:15:40 Asia/Jakarta] Invalid API Key
[11-Sep-2025 23:15:40 Asia/Jakarta] Invalid API Key
[11-Sep-2025 23:15:40 Asia/Jakarta] Invalid API Key
[11-Sep-2025 23:15:40 Asia/Jakarta] Invalid API Key
[11-Sep-2025 23:15:40 Asia/Jakarta] Invalid API Key
[11-Sep-2025 23:15:40 Asia/Jakarta] Invalid API Key
[11-Sep-2025 23:15:41 Asia/Jakarta] Invalid API Key
[11-Sep-2025 23:15:41 Asia/Jakarta] Invalid API Key
[11-Sep-2025 23:15:42 Asia/Jakarta] Invalid API Key
[11-Sep-2025 23:15:44 Asia/Jakarta] Invalid API Key
[11-Sep-2025 23:15:46 Asia/Jakarta] Invalid API Key
[11-Sep-2025 23:15:46 Asia/Jakarta] Invalid API Key
[11-Sep-2025 23:15:47 Asia/Jakarta] Invalid API Key
[11-Sep-2025 23:15:47 Asia/Jakarta] Invalid API Key
[11-Sep-2025 23:15:47 Asia/Jakarta] Invalid API Key
[11-Sep-2025 23:15:48 Asia/Jakarta] Invalid API Key
[11-Sep-2025 23:15:48 Asia/Jakarta] Invalid API Key
[11-Sep-2025 23:15:48 Asia/Jakarta] Invalid API Key
[11-Sep-2025 23:15:49 Asia/Jakarta] Invalid API Key
[11-Sep-2025 23:15:49 Asia/Jakarta] Invalid API Key
[11-Sep-2025 23:15:50 Asia/Jakarta] Invalid API Key
[11-Sep-2025 23:15:50 Asia/Jakarta] Invalid API Key
[11-Sep-2025 23:15:50 Asia/Jakarta] Invalid API Key
[11-Sep-2025 23:15:50 Asia/Jakarta] Invalid API Key
[11-Sep-2025 23:15:50 Asia/Jakarta] Invalid API Key
[11-Sep-2025 23:15:50 Asia/Jakarta] Invalid API Key
[11-Sep-2025 23:15:50 Asia/Jakarta] Invalid API Key
[11-Sep-2025 23:15:50 Asia/Jakarta] Invalid API Key
[11-Sep-2025 23:15:50 Asia/Jakarta] Invalid API Key
[11-Sep-2025 23:15:50 Asia/Jakarta] Invalid API Key
[11-Sep-2025 23:15:50 Asia/Jakarta] Invalid API Key
[11-Sep-2025 23:15:50 Asia/Jakarta] Invalid API Key
[11-Sep-2025 23:15:50 Asia/Jakarta] Invalid API Key
[11-Sep-2025 23:15:50 Asia/Jakarta] Invalid API Key
[11-Sep-2025 23:15:50 Asia/Jakarta] Invalid API Key
[11-Sep-2025 23:15:50 Asia/Jakarta] Invalid API Key
[11-Sep-2025 23:15:51 Asia/Jakarta] Invalid API Key
[11-Sep-2025 23:15:51 Asia/Jakarta] Invalid API Key
[11-Sep-2025 23:15:52 Asia/Jakarta] Invalid API Key
[11-Sep-2025 23:15:54 Asia/Jakarta] Invalid API Key
[11-Sep-2025 23:15:56 Asia/Jakarta] Invalid API Key
[11-Sep-2025 23:15:57 Asia/Jakarta] Invalid API Key
[11-Sep-2025 23:15:58 Asia/Jakarta] Invalid API Key
[11-Sep-2025 23:16:00 Asia/Jakarta] Invalid API Key
[11-Sep-2025 23:24:23 Asia/Jakarta] Invalid API Key
[11-Sep-2025 23:38:59 Asia/Jakarta] Invalid API Key
[12-Sep-2025 00:22:49 Asia/Jakarta] HWID not found: d878b107e9aa421a8bf72ba4e3b42f8c
[12-Sep-2025 00:24:50 Asia/Jakarta] HWID not found: d878b107e9aa421a8bf72ba4e3b42f8c
[12-Sep-2025 00:49:40 Asia/Jakarta] Invalid API Key
[12-Sep-2025 00:49:44 Asia/Jakarta] Invalid API Key
[12-Sep-2025 02:53:03 Asia/Jakarta] HWID not found: 003a23777f4969257bd69667e3f25b91
[12-Sep-2025 02:55:05 Asia/Jakarta] HWID not found: 003a23777f4969257bd69667e3f25b91
[12-Sep-2025 02:57:07 Asia/Jakarta] HWID not found: 003a23777f4969257bd69667e3f25b91
[12-Sep-2025 08:00:38 Asia/Jakarta] Invalid API Key
[12-Sep-2025 12:14:19 Asia/Jakarta] HWID not found: 1ffc5b0bcb99080ac1cc8aaad6639c71
[12-Sep-2025 12:16:20 Asia/Jakarta] HWID not found: 1ffc5b0bcb99080ac1cc8aaad6639c71
[12-Sep-2025 12:23:41 Asia/Jakarta] HWID not found: f49eca3bb61dea558b2bdab3f8e6ba53
[12-Sep-2025 12:25:43 Asia/Jakarta] HWID not found: f49eca3bb61dea558b2bdab3f8e6ba53
[12-Sep-2025 12:26:09 Asia/Jakarta] HWID not found: f49eca3bb61dea558b2bdab3f8e6ba53
[12-Sep-2025 12:27:27 Asia/Jakarta] Invalid API Key
[12-Sep-2025 12:33:57 Asia/Jakarta] Invalid API Key
[12-Sep-2025 13:15:59 Asia/Jakarta] HWID not found: a340518ba341eb1189dcd82d6220fc13
[12-Sep-2025 13:16:33 Asia/Jakarta] HWID not found: a340518ba341eb1189dcd82d6220fc13
[12-Sep-2025 13:16:55 Asia/Jakarta] HWID not found: a340518ba341eb1189dcd82d6220fc13
[12-Sep-2025 13:17:16 Asia/Jakarta] HWID not found: a340518ba341eb1189dcd82d6220fc13
[12-Sep-2025 13:17:37 Asia/Jakarta] HWID not found: a340518ba341eb1189dcd82d6220fc13
[12-Sep-2025 13:17:58 Asia/Jakarta] HWID not found: a340518ba341eb1189dcd82d6220fc13
[12-Sep-2025 13:18:18 Asia/Jakarta] HWID not found: a340518ba341eb1189dcd82d6220fc13
[12-Sep-2025 13:18:39 Asia/Jakarta] HWID not found: a340518ba341eb1189dcd82d6220fc13
[12-Sep-2025 13:19:09 Asia/Jakarta] HWID not found: d8a562bef77a2e3371c40c3f7239338c
[12-Sep-2025 14:31:59 Asia/Jakarta] Invalid API Key
[12-Sep-2025 14:32:00 Asia/Jakarta] Invalid API Key
[12-Sep-2025 14:32:00 Asia/Jakarta] Invalid API Key
[12-Sep-2025 14:32:01 Asia/Jakarta] Invalid API Key
[12-Sep-2025 14:32:02 Asia/Jakarta] Invalid API Key
[12-Sep-2025 14:32:03 Asia/Jakarta] Invalid API Key
[12-Sep-2025 14:32:03 Asia/Jakarta] Invalid API Key
[12-Sep-2025 14:32:03 Asia/Jakarta] Invalid API Key
[12-Sep-2025 14:32:03 Asia/Jakarta] Invalid API Key
[12-Sep-2025 14:32:03 Asia/Jakarta] Invalid API Key
[12-Sep-2025 14:32:03 Asia/Jakarta] Invalid API Key
[12-Sep-2025 14:32:03 Asia/Jakarta] Invalid API Key
[12-Sep-2025 14:32:03 Asia/Jakarta] Invalid API Key
[12-Sep-2025 14:32:03 Asia/Jakarta] Invalid API Key
[12-Sep-2025 14:32:03 Asia/Jakarta] Invalid API Key
[12-Sep-2025 14:32:03 Asia/Jakarta] Invalid API Key
[12-Sep-2025 14:32:04 Asia/Jakarta] Invalid API Key
[12-Sep-2025 14:32:04 Asia/Jakarta] Invalid API Key
[12-Sep-2025 14:32:04 Asia/Jakarta] Invalid API Key
[12-Sep-2025 14:32:04 Asia/Jakarta] Invalid API Key
[12-Sep-2025 14:32:04 Asia/Jakarta] Invalid API Key
[12-Sep-2025 14:32:04 Asia/Jakarta] Invalid API Key
[12-Sep-2025 14:32:04 Asia/Jakarta] Invalid API Key
[12-Sep-2025 14:32:04 Asia/Jakarta] Invalid API Key
[12-Sep-2025 14:32:04 Asia/Jakarta] Invalid API Key
[12-Sep-2025 14:32:05 Asia/Jakarta] Invalid API Key
[12-Sep-2025 14:32:05 Asia/Jakarta] Invalid API Key
[12-Sep-2025 14:32:05 Asia/Jakarta] Invalid API Key
[12-Sep-2025 14:32:06 Asia/Jakarta] Invalid API Key
[12-Sep-2025 14:32:06 Asia/Jakarta] Invalid API Key
[12-Sep-2025 14:32:06 Asia/Jakarta] Invalid API Key
[12-Sep-2025 14:32:07 Asia/Jakarta] Invalid API Key
[12-Sep-2025 14:32:07 Asia/Jakarta] Invalid API Key
[12-Sep-2025 14:32:07 Asia/Jakarta] Invalid API Key
[12-Sep-2025 14:32:07 Asia/Jakarta] Invalid API Key
[12-Sep-2025 14:32:07 Asia/Jakarta] Invalid API Key
[12-Sep-2025 14:32:07 Asia/Jakarta] Invalid API Key
[12-Sep-2025 14:32:07 Asia/Jakarta] Invalid API Key
[12-Sep-2025 14:32:07 Asia/Jakarta] Invalid API Key
[12-Sep-2025 14:32:07 Asia/Jakarta] Invalid API Key
[12-Sep-2025 14:32:07 Asia/Jakarta] Invalid API Key
[12-Sep-2025 14:32:07 Asia/Jakarta] Invalid API Key
[12-Sep-2025 14:32:07 Asia/Jakarta] Invalid API Key
[12-Sep-2025 14:32:07 Asia/Jakarta] Invalid API Key
[12-Sep-2025 14:32:07 Asia/Jakarta] Invalid API Key
[12-Sep-2025 14:32:07 Asia/Jakarta] Invalid API Key
[12-Sep-2025 14:32:08 Asia/Jakarta] Invalid API Key
[12-Sep-2025 14:32:08 Asia/Jakarta] Invalid API Key
[12-Sep-2025 14:32:08 Asia/Jakarta] Invalid API Key
[12-Sep-2025 14:32:08 Asia/Jakarta] Invalid API Key
[12-Sep-2025 14:32:08 Asia/Jakarta] Invalid API Key
[12-Sep-2025 14:32:08 Asia/Jakarta] Invalid API Key
[12-Sep-2025 14:32:08 Asia/Jakarta] Invalid API Key
[12-Sep-2025 14:32:09 Asia/Jakarta] Invalid API Key
[12-Sep-2025 14:32:09 Asia/Jakarta] Invalid API Key
[12-Sep-2025 14:32:10 Asia/Jakarta] Invalid API Key
[12-Sep-2025 14:32:10 Asia/Jakarta] Invalid API Key
[12-Sep-2025 14:32:11 Asia/Jakarta] Invalid API Key
[12-Sep-2025 14:32:13 Asia/Jakarta] Invalid API Key
[12-Sep-2025 14:32:14 Asia/Jakarta] Invalid API Key
[12-Sep-2025 14:43:22 Asia/Jakarta] HWID not found: b6d071ffa0a99d081b87428685d00492
[12-Sep-2025 14:45:25 Asia/Jakarta] HWID not found: b6d071ffa0a99d081b87428685d00492
[12-Sep-2025 14:47:29 Asia/Jakarta] HWID not found: b6d071ffa0a99d081b87428685d00492
[12-Sep-2025 16:09:07 Asia/Jakarta] HWID not found: d878b107e9aa421a8bf72ba4e3b42f8c
[12-Sep-2025 16:39:00 Asia/Jakarta] HWID not found: d878b107e9aa421a8bf72ba4e3b42f8c
[12-Sep-2025 16:41:02 Asia/Jakarta] HWID not found: d878b107e9aa421a8bf72ba4e3b42f8c
[13-Sep-2025 05:23:03 Asia/Jakarta] Invalid API Key
[13-Sep-2025 09:56:21 Asia/Jakarta] HWID not found: 1a37b86ef791ac24c842bd998db73ba1
[14-Sep-2025 21:37:10 Asia/Jakarta] HWID not found: 1ffc5b0bcb99080ac1cc8aaad6639c71
[14-Sep-2025 21:39:11 Asia/Jakarta] HWID not found: 1ffc5b0bcb99080ac1cc8aaad6639c71
[14-Sep-2025 21:40:07 Asia/Jakarta] HWID not found: 167130a598dbe976f9d2f08b6081bc19
[14-Sep-2025 21:41:14 Asia/Jakarta] HWID not found: 167130a598dbe976f9d2f08b6081bc19
[14-Sep-2025 22:15:38 Asia/Jakarta] Invalid API Key
[14-Sep-2025 22:15:51 Asia/Jakarta] Invalid API Key
[14-Sep-2025 23:19:18 Asia/Jakarta] HWID not found: d8a562bef77a2e3371c40c3f7239338c
[14-Sep-2025 23:46:25 Asia/Jakarta] Invalid API Key
[14-Sep-2025 23:46:25 Asia/Jakarta] Invalid API Key
[14-Sep-2025 23:46:25 Asia/Jakarta] Invalid API Key
[14-Sep-2025 23:46:26 Asia/Jakarta] Invalid API Key
[14-Sep-2025 23:46:30 Asia/Jakarta] Invalid API Key
[14-Sep-2025 23:46:31 Asia/Jakarta] Invalid API Key
[14-Sep-2025 23:46:31 Asia/Jakarta] Invalid API Key
[14-Sep-2025 23:46:31 Asia/Jakarta] Invalid API Key
[14-Sep-2025 23:46:31 Asia/Jakarta] Invalid API Key
[14-Sep-2025 23:46:32 Asia/Jakarta] Invalid API Key
[14-Sep-2025 23:46:32 Asia/Jakarta] Invalid API Key
[14-Sep-2025 23:46:33 Asia/Jakarta] Invalid API Key
[14-Sep-2025 23:46:33 Asia/Jakarta] Invalid API Key
[14-Sep-2025 23:46:33 Asia/Jakarta] Invalid API Key
[14-Sep-2025 23:46:33 Asia/Jakarta] Invalid API Key
[14-Sep-2025 23:46:33 Asia/Jakarta] Invalid API Key
[14-Sep-2025 23:46:33 Asia/Jakarta] Invalid API Key
[14-Sep-2025 23:46:33 Asia/Jakarta] Invalid API Key
[14-Sep-2025 23:46:33 Asia/Jakarta] Invalid API Key
[14-Sep-2025 23:46:33 Asia/Jakarta] Invalid API Key
[14-Sep-2025 23:46:33 Asia/Jakarta] Invalid API Key
[14-Sep-2025 23:46:33 Asia/Jakarta] Invalid API Key
[14-Sep-2025 23:46:33 Asia/Jakarta] Invalid API Key
[14-Sep-2025 23:46:33 Asia/Jakarta] Invalid API Key
[14-Sep-2025 23:46:33 Asia/Jakarta] Invalid API Key
[14-Sep-2025 23:46:33 Asia/Jakarta] Invalid API Key
[14-Sep-2025 23:46:33 Asia/Jakarta] Invalid API Key
[14-Sep-2025 23:46:33 Asia/Jakarta] Invalid API Key
[14-Sep-2025 23:46:33 Asia/Jakarta] Invalid API Key
[14-Sep-2025 23:46:33 Asia/Jakarta] Invalid API Key
[14-Sep-2025 23:46:33 Asia/Jakarta] Invalid API Key
[14-Sep-2025 23:46:33 Asia/Jakarta] Invalid API Key
[14-Sep-2025 23:46:33 Asia/Jakarta] Invalid API Key
[14-Sep-2025 23:46:33 Asia/Jakarta] Invalid API Key
[14-Sep-2025 23:46:33 Asia/Jakarta] Invalid API Key
[14-Sep-2025 23:46:33 Asia/Jakarta] Invalid API Key
[14-Sep-2025 23:46:34 Asia/Jakarta] Invalid API Key
[14-Sep-2025 23:46:35 Asia/Jakarta] Invalid API Key
[14-Sep-2025 23:46:35 Asia/Jakarta] Invalid API Key
[14-Sep-2025 23:46:35 Asia/Jakarta] Invalid API Key
[14-Sep-2025 23:46:35 Asia/Jakarta] Invalid API Key
[14-Sep-2025 23:46:41 Asia/Jakarta] Invalid API Key
[14-Sep-2025 23:46:42 Asia/Jakarta] Invalid API Key
[14-Sep-2025 23:46:43 Asia/Jakarta] Invalid API Key
[14-Sep-2025 23:46:43 Asia/Jakarta] Invalid API Key
[14-Sep-2025 23:46:44 Asia/Jakarta] Invalid API Key
[14-Sep-2025 23:46:51 Asia/Jakarta] Invalid API Key
[14-Sep-2025 23:46:52 Asia/Jakarta] Invalid API Key
[14-Sep-2025 23:46:53 Asia/Jakarta] Invalid API Key
[14-Sep-2025 23:46:54 Asia/Jakarta] Invalid API Key
[15-Sep-2025 00:06:24 Asia/Jakarta] HWID not found: b6d071ffa0a99d081b87428685d00492
[15-Sep-2025 00:08:25 Asia/Jakarta] HWID not found: b6d071ffa0a99d081b87428685d00492
[15-Sep-2025 00:10:27 Asia/Jakarta] HWID not found: b6d071ffa0a99d081b87428685d00492
[15-Sep-2025 10:52:16 Asia/Jakarta] HWID not found: a831ee0d164e338da00923c360e754d1
[16-Sep-2025 03:27:12 Asia/Jakarta] HWID not found: 2941d1ecef643e28cad88002fc3105f5
[17-Sep-2025 16:12:49 Asia/Jakarta] Invalid API Key
[17-Sep-2025 16:12:50 Asia/Jakarta] Invalid API Key
[17-Sep-2025 19:58:23 Asia/Jakarta] PHP Warning:  require_once(/home/apsx2353/public_html/jcetools.my.id/api/vendor/autoload.php): Failed to open stream: No such file or directory in /home/apsx2353/public_html/jcetools.my.id/api/cektest.php on line 10
[17-Sep-2025 19:58:23 Asia/Jakarta] PHP Fatal error:  Uncaught Error: Failed opening required '/home/apsx2353/public_html/jcetools.my.id/api/vendor/autoload.php' (include_path='.:/opt/alt/php82/usr/share/pear:/opt/alt/php82/usr/share/php:/usr/share/pear:/usr/share/php') in /home/apsx2353/public_html/jcetools.my.id/api/cektest.php:10
Stack trace:
#0 {main}
  thrown in /home/apsx2353/public_html/jcetools.my.id/api/cektest.php on line 10
[17-Sep-2025 19:58:35 Asia/Jakarta] PHP Warning:  require_once(/home/apsx2353/public_html/jcetools.my.id/api/vendor/autoload.php): Failed to open stream: No such file or directory in /home/apsx2353/public_html/jcetools.my.id/api/cektest.php on line 10
[17-Sep-2025 19:58:35 Asia/Jakarta] PHP Fatal error:  Uncaught Error: Failed opening required '/home/apsx2353/public_html/jcetools.my.id/api/vendor/autoload.php' (include_path='.:/opt/alt/php82/usr/share/pear:/opt/alt/php82/usr/share/php:/usr/share/pear:/usr/share/php') in /home/apsx2353/public_html/jcetools.my.id/api/cektest.php:10
Stack trace:
#0 {main}
  thrown in /home/apsx2353/public_html/jcetools.my.id/api/cektest.php on line 10
[17-Sep-2025 19:59:39 Asia/Jakarta] PHP Warning:  require_once(/home/apsx2353/public_html/jcetools.my.id/api/vendor/autoload.php): Failed to open stream: No such file or directory in /home/apsx2353/public_html/jcetools.my.id/api/cektest.php on line 10
[17-Sep-2025 19:59:39 Asia/Jakarta] PHP Fatal error:  Uncaught Error: Failed opening required '/home/apsx2353/public_html/jcetools.my.id/api/vendor/autoload.php' (include_path='.:/opt/alt/php82/usr/share/pear:/opt/alt/php82/usr/share/php:/usr/share/pear:/usr/share/php') in /home/apsx2353/public_html/jcetools.my.id/api/cektest.php:10
Stack trace:
#0 {main}
  thrown in /home/apsx2353/public_html/jcetools.my.id/api/cektest.php on line 10
[17-Sep-2025 20:07:49 Asia/Jakarta] PHP Warning:  require_once(/home/apsx2353/public_html/jcetools.my.id/api/vendor/autoload.php): Failed to open stream: No such file or directory in /home/apsx2353/public_html/jcetools.my.id/api/cektest.php on line 10
[17-Sep-2025 20:07:49 Asia/Jakarta] PHP Fatal error:  Uncaught Error: Failed opening required '/home/apsx2353/public_html/jcetools.my.id/api/vendor/autoload.php' (include_path='.:/opt/alt/php82/usr/share/pear:/opt/alt/php82/usr/share/php:/usr/share/pear:/usr/share/php') in /home/apsx2353/public_html/jcetools.my.id/api/cektest.php:10
Stack trace:
#0 {main}
  thrown in /home/apsx2353/public_html/jcetools.my.id/api/cektest.php on line 10
[17-Sep-2025 20:08:05 Asia/Jakarta] PHP Warning:  require_once(/home/apsx2353/public_html/jcetools.my.id/api/vendor/autoload.php): Failed to open stream: No such file or directory in /home/apsx2353/public_html/jcetools.my.id/api/cektest.php on line 10
[17-Sep-2025 20:08:05 Asia/Jakarta] PHP Fatal error:  Uncaught Error: Failed opening required '/home/apsx2353/public_html/jcetools.my.id/api/vendor/autoload.php' (include_path='.:/opt/alt/php82/usr/share/pear:/opt/alt/php82/usr/share/php:/usr/share/pear:/usr/share/php') in /home/apsx2353/public_html/jcetools.my.id/api/cektest.php:10
Stack trace:
#0 {main}
  thrown in /home/apsx2353/public_html/jcetools.my.id/api/cektest.php on line 10
[17-Sep-2025 20:18:05 Asia/Jakarta] PHP Warning:  require_once(/home/apsx2353/public_html/jcetools.my.id/api/vendor/autoload.php): Failed to open stream: No such file or directory in /home/apsx2353/public_html/jcetools.my.id/api/cektest.php on line 10
[17-Sep-2025 20:18:05 Asia/Jakarta] PHP Fatal error:  Uncaught Error: Failed opening required '/home/apsx2353/public_html/jcetools.my.id/api/vendor/autoload.php' (include_path='.:/opt/alt/php82/usr/share/pear:/opt/alt/php82/usr/share/php:/usr/share/pear:/usr/share/php') in /home/apsx2353/public_html/jcetools.my.id/api/cektest.php:10
Stack trace:
#0 {main}
  thrown in /home/apsx2353/public_html/jcetools.my.id/api/cektest.php on line 10
[17-Sep-2025 20:19:11 Asia/Jakarta] PHP Warning:  require_once(/home/apsx2353/public_html/jcetools.my.id/api/vendor/autoload.php): Failed to open stream: No such file or directory in /home/apsx2353/public_html/jcetools.my.id/api/cektest.php on line 10
[17-Sep-2025 20:19:11 Asia/Jakarta] PHP Fatal error:  Uncaught Error: Failed opening required '/home/apsx2353/public_html/jcetools.my.id/api/vendor/autoload.php' (include_path='.:/opt/alt/php82/usr/share/pear:/opt/alt/php82/usr/share/php:/usr/share/pear:/usr/share/php') in /home/apsx2353/public_html/jcetools.my.id/api/cektest.php:10
Stack trace:
#0 {main}
  thrown in /home/apsx2353/public_html/jcetools.my.id/api/cektest.php on line 10
[17-Sep-2025 20:20:06 Asia/Jakarta] PHP Warning:  require_once(/home/apsx2353/public_html/jcetools.my.id/api/vendor/autoload.php): Failed to open stream: No such file or directory in /home/apsx2353/public_html/jcetools.my.id/api/cektest.php on line 10
[17-Sep-2025 20:20:06 Asia/Jakarta] PHP Fatal error:  Uncaught Error: Failed opening required '/home/apsx2353/public_html/jcetools.my.id/api/vendor/autoload.php' (include_path='.:/opt/alt/php82/usr/share/pear:/opt/alt/php82/usr/share/php:/usr/share/pear:/usr/share/php') in /home/apsx2353/public_html/jcetools.my.id/api/cektest.php:10
Stack trace:
#0 {main}
  thrown in /home/apsx2353/public_html/jcetools.my.id/api/cektest.php on line 10
[17-Sep-2025 20:20:55 Asia/Jakarta] PHP Warning:  require_once(/home/apsx2353/public_html/jcetools.my.id/api/vendor/autoload.php): Failed to open stream: No such file or directory in /home/apsx2353/public_html/jcetools.my.id/api/cektest.php on line 10
[17-Sep-2025 20:20:55 Asia/Jakarta] PHP Fatal error:  Uncaught Error: Failed opening required '/home/apsx2353/public_html/jcetools.my.id/api/vendor/autoload.php' (include_path='.:/opt/alt/php82/usr/share/pear:/opt/alt/php82/usr/share/php:/usr/share/pear:/usr/share/php') in /home/apsx2353/public_html/jcetools.my.id/api/cektest.php:10
Stack trace:
#0 {main}
  thrown in /home/apsx2353/public_html/jcetools.my.id/api/cektest.php on line 10
[17-Sep-2025 20:21:04 Asia/Jakarta] PHP Warning:  require_once(/home/apsx2353/public_html/jcetools.my.id/api/vendor/autoload.php): Failed to open stream: No such file or directory in /home/apsx2353/public_html/jcetools.my.id/api/cektest.php on line 10
[17-Sep-2025 20:21:04 Asia/Jakarta] PHP Fatal error:  Uncaught Error: Failed opening required '/home/apsx2353/public_html/jcetools.my.id/api/vendor/autoload.php' (include_path='.:/opt/alt/php82/usr/share/pear:/opt/alt/php82/usr/share/php:/usr/share/pear:/usr/share/php') in /home/apsx2353/public_html/jcetools.my.id/api/cektest.php:10
Stack trace:
#0 {main}
  thrown in /home/apsx2353/public_html/jcetools.my.id/api/cektest.php on line 10
[17-Sep-2025 20:21:56 Asia/Jakarta] PHP Warning:  require_once(/home/apsx2353/public_html/jcetools.my.id/api/vendor/autoload.php): Failed to open stream: No such file or directory in /home/apsx2353/public_html/jcetools.my.id/api/cektest.php on line 10
[17-Sep-2025 20:21:56 Asia/Jakarta] PHP Fatal error:  Uncaught Error: Failed opening required '/home/apsx2353/public_html/jcetools.my.id/api/vendor/autoload.php' (include_path='.:/opt/alt/php82/usr/share/pear:/opt/alt/php82/usr/share/php:/usr/share/pear:/usr/share/php') in /home/apsx2353/public_html/jcetools.my.id/api/cektest.php:10
Stack trace:
#0 {main}
  thrown in /home/apsx2353/public_html/jcetools.my.id/api/cektest.php on line 10
[17-Sep-2025 20:23:56 Asia/Jakarta] PHP Warning:  require_once(/home/apsx2353/public_html/jcetools.my.id/api/vendor/autoload.php): Failed to open stream: No such file or directory in /home/apsx2353/public_html/jcetools.my.id/api/cektest.php on line 10
[17-Sep-2025 20:23:56 Asia/Jakarta] PHP Fatal error:  Uncaught Error: Failed opening required '/home/apsx2353/public_html/jcetools.my.id/api/vendor/autoload.php' (include_path='.:/opt/alt/php82/usr/share/pear:/opt/alt/php82/usr/share/php:/usr/share/pear:/usr/share/php') in /home/apsx2353/public_html/jcetools.my.id/api/cektest.php:10
Stack trace:
#0 {main}
  thrown in /home/apsx2353/public_html/jcetools.my.id/api/cektest.php on line 10
[18-Sep-2025 13:23:09 Asia/Jakarta] HWID not found: 2b1c4bed093e473c7dccfb4997afff62
[18-Sep-2025 13:37:50 Asia/Jakarta] HWID not found: 2b1c4bed093e473c7dccfb4997afff62
[18-Sep-2025 13:44:39 Asia/Jakarta] HWID not found: 2b1c4bed093e473c7dccfb4997afff62
[18-Sep-2025 13:46:40 Asia/Jakarta] HWID not found: 2b1c4bed093e473c7dccfb4997afff62
[18-Sep-2025 13:48:40 Asia/Jakarta] HWID not found: 2b1c4bed093e473c7dccfb4997afff62
[19-Sep-2025 01:11:53 Asia/Jakarta] HWID not found: eda98ed8a9dd9efa79981dd04e11a708
[19-Sep-2025 18:42:30 Asia/Jakarta] HWID not found: afa275ba67b7fd587e73034e452025f8
[19-Sep-2025 18:43:16 Asia/Jakarta] HWID not found: a8a13df9bc73a1afa21880674c2c2ad8
[20-Sep-2025 07:17:43 Asia/Jakarta] HWID not found: e3293975734571e94b33aa7ebe3e3e94
[20-Sep-2025 19:00:32 Asia/Jakarta] HWID not found: 05001602fc3cdd0cd1db05c01d1ee8e5
[20-Sep-2025 21:26:35 Asia/Jakarta] HWID not found: 9633af264fa1de8891209d6ba9088977
[25-Sep-2025 06:46:23 Asia/Jakarta] HWID not found: 7f8965d02a156b3b300fe4be69b17b0b
[26-Sep-2025 11:02:40 Asia/Jakarta] HWID not found: 0e8430441a8057487fd2f49e2c2e390f
[28-Sep-2025 21:00:36 Asia/Jakarta] HWID not found: 0e8430441a8057487fd2f49e2c2e390f
[28-Sep-2025 21:00:37 Asia/Jakarta] HWID not found: 0e8430441a8057487fd2f49e2c2e390f
[01-Oct-2025 21:20:40 Asia/Jakarta] HWID not found: bf427a58413f26b3845ce9f3feb9e2e3
[04-Oct-2025 08:50:15 Asia/Jakarta] HWID not found: d87065073d95164c47c6998e2a29a0da
[04-Oct-2025 08:52:15 Asia/Jakarta] HWID not found: d87065073d95164c47c6998e2a29a0da
[04-Oct-2025 08:54:16 Asia/Jakarta] HWID not found: d87065073d95164c47c6998e2a29a0da
[04-Oct-2025 08:56:16 Asia/Jakarta] HWID not found: d87065073d95164c47c6998e2a29a0da
[04-Oct-2025 08:58:16 Asia/Jakarta] HWID not found: d87065073d95164c47c6998e2a29a0da
[04-Oct-2025 08:59:15 Asia/Jakarta] HWID not found: d87065073d95164c47c6998e2a29a0da
[05-Oct-2025 07:32:34 Asia/Jakarta] HWID not found: a2ef8875825f6e73ffe8db1c0bb8fd52
[05-Oct-2025 20:21:26 Asia/Jakarta] HWID not found: fffc1bd8bf0c1acaadfbfb19a99c50d2
[05-Oct-2025 20:23:26 Asia/Jakarta] HWID not found: fffc1bd8bf0c1acaadfbfb19a99c50d2
[05-Oct-2025 20:25:27 Asia/Jakarta] HWID not found: fffc1bd8bf0c1acaadfbfb19a99c50d2
[05-Oct-2025 20:27:27 Asia/Jakarta] HWID not found: fffc1bd8bf0c1acaadfbfb19a99c50d2
[05-Oct-2025 20:29:27 Asia/Jakarta] HWID not found: fffc1bd8bf0c1acaadfbfb19a99c50d2
[05-Oct-2025 20:31:27 Asia/Jakarta] HWID not found: fffc1bd8bf0c1acaadfbfb19a99c50d2
[05-Oct-2025 20:33:27 Asia/Jakarta] HWID not found: fffc1bd8bf0c1acaadfbfb19a99c50d2
[05-Oct-2025 20:35:27 Asia/Jakarta] HWID not found: fffc1bd8bf0c1acaadfbfb19a99c50d2
[05-Oct-2025 20:37:27 Asia/Jakarta] HWID not found: fffc1bd8bf0c1acaadfbfb19a99c50d2
[05-Oct-2025 20:39:27 Asia/Jakarta] HWID not found: fffc1bd8bf0c1acaadfbfb19a99c50d2
[05-Oct-2025 20:41:27 Asia/Jakarta] HWID not found: fffc1bd8bf0c1acaadfbfb19a99c50d2
[05-Oct-2025 20:43:27 Asia/Jakarta] HWID not found: fffc1bd8bf0c1acaadfbfb19a99c50d2
[05-Oct-2025 20:45:28 Asia/Jakarta] HWID not found: fffc1bd8bf0c1acaadfbfb19a99c50d2
[05-Oct-2025 20:47:28 Asia/Jakarta] HWID not found: fffc1bd8bf0c1acaadfbfb19a99c50d2
[05-Oct-2025 20:49:28 Asia/Jakarta] HWID not found: fffc1bd8bf0c1acaadfbfb19a99c50d2
[05-Oct-2025 20:51:28 Asia/Jakarta] HWID not found: fffc1bd8bf0c1acaadfbfb19a99c50d2
[05-Oct-2025 20:53:28 Asia/Jakarta] HWID not found: fffc1bd8bf0c1acaadfbfb19a99c50d2
[05-Oct-2025 20:55:28 Asia/Jakarta] HWID not found: fffc1bd8bf0c1acaadfbfb19a99c50d2
[05-Oct-2025 20:57:28 Asia/Jakarta] HWID not found: fffc1bd8bf0c1acaadfbfb19a99c50d2
[05-Oct-2025 20:59:28 Asia/Jakarta] HWID not found: fffc1bd8bf0c1acaadfbfb19a99c50d2
[05-Oct-2025 21:01:28 Asia/Jakarta] HWID not found: fffc1bd8bf0c1acaadfbfb19a99c50d2
[05-Oct-2025 21:03:28 Asia/Jakarta] HWID not found: fffc1bd8bf0c1acaadfbfb19a99c50d2
[05-Oct-2025 22:33:13 Asia/Jakarta] HWID expired: 9633af264fa1de8891209d6ba9088977
[05-Oct-2025 22:33:13 Asia/Jakarta] HWID expired: 9633af264fa1de8891209d6ba9088977
[05-Oct-2025 22:33:22 Asia/Jakarta] HWID expired: 9633af264fa1de8891209d6ba9088977
[05-Oct-2025 22:33:27 Asia/Jakarta] HWID expired: 9633af264fa1de8891209d6ba9088977
[06-Oct-2025 06:21:01 Asia/Jakarta] HWID not found: ee736aad763d3569c91a932eb87508d8
[06-Oct-2025 06:21:03 Asia/Jakarta] HWID not found: ee736aad763d3569c91a932eb87508d8
[06-Oct-2025 14:39:40 Asia/Jakarta] HWID not found: 4357581c7eba87e23515f0f801d18706
[06-Oct-2025 14:45:15 Asia/Jakarta] HWID not found: 4357581c7eba87e23515f0f801d18706
[08-Oct-2025 21:32:36 Asia/Jakarta] HWID not found: 21a02eea4cb7fc68ec563e916c0c6ce2
[08-Oct-2025 21:33:04 Asia/Jakarta] HWID not found: 73ab171ab3405a29f51561c3793ba42e
[08-Oct-2025 21:33:39 Asia/Jakarta] HWID not found: 21a02eea4cb7fc68ec563e916c0c6ce2
[08-Oct-2025 21:35:40 Asia/Jakarta] HWID not found: 21a02eea4cb7fc68ec563e916c0c6ce2
[08-Oct-2025 21:39:17 Asia/Jakarta] HWID expired: 21a02eea4cb7fc68ec563e916c0c6ce2
[08-Oct-2025 21:41:17 Asia/Jakarta] HWID expired: 21a02eea4cb7fc68ec563e916c0c6ce2
[08-Oct-2025 21:44:11 Asia/Jakarta] HWID expired: 21a02eea4cb7fc68ec563e916c0c6ce2
[13-Oct-2025 23:19:52 Asia/Jakarta] HWID not found: e0e0ee9ab9c296bec879b5bdecdb01ff
[13-Oct-2025 23:35:52 Asia/Jakarta] HWID expired: 14be2d1e4f21103009d56b89d3ea9dc2
[14-Oct-2025 14:35:52 Asia/Jakarta] HWID not found: 00f982d5de5064c2feb8e81c848ed7b4
[14-Oct-2025 14:36:32 Asia/Jakarta] HWID not found: 00f982d5de5064c2feb8e81c848ed7b4
[14-Oct-2025 14:36:45 Asia/Jakarta] HWID not found: 00f982d5de5064c2feb8e81c848ed7b4
[14-Oct-2025 14:37:52 Asia/Jakarta] HWID not found: c362251d77448798e76fa6f3314f7679
[14-Oct-2025 14:41:03 Asia/Jakarta] HWID not found: 00f982d5de5064c2feb8e81c848ed7b4
[14-Oct-2025 14:47:17 Asia/Jakarta] HWID not found: 00f982d5de5064c2feb8e81c848ed7b4
[14-Oct-2025 14:48:08 Asia/Jakarta] HWID not found: 00f982d5de5064c2feb8e81c848ed7b4
[14-Oct-2025 14:59:04 Asia/Jakarta] HWID not found: 00f982d5de5064c2feb8e81c848ed7b4
[14-Oct-2025 15:01:59 Asia/Jakarta] HWID not found: 00f982d5de5064c2feb8e81c848ed7b4
[15-Oct-2025 04:15:13 Asia/Jakarta] HWID not found: a0f73869abbda82cad2fa9dcba14c8ac
[15-Oct-2025 04:15:24 Asia/Jakarta] HWID not found: a0f73869abbda82cad2fa9dcba14c8ac
[15-Oct-2025 04:16:23 Asia/Jakarta] HWID not found: a0f73869abbda82cad2fa9dcba14c8ac
[15-Oct-2025 04:17:13 Asia/Jakarta] HWID not found: a0f73869abbda82cad2fa9dcba14c8ac
[15-Oct-2025 04:17:24 Asia/Jakarta] HWID not found: a0f73869abbda82cad2fa9dcba14c8ac
[15-Oct-2025 04:19:14 Asia/Jakarta] HWID not found: a0f73869abbda82cad2fa9dcba14c8ac
[15-Oct-2025 04:19:24 Asia/Jakarta] HWID not found: a0f73869abbda82cad2fa9dcba14c8ac
[15-Oct-2025 04:20:39 Asia/Jakarta] HWID not found: a0f73869abbda82cad2fa9dcba14c8ac
[15-Oct-2025 04:21:14 Asia/Jakarta] HWID not found: a0f73869abbda82cad2fa9dcba14c8ac
[15-Oct-2025 04:21:25 Asia/Jakarta] HWID not found: a0f73869abbda82cad2fa9dcba14c8ac
[15-Oct-2025 04:23:14 Asia/Jakarta] HWID not found: a0f73869abbda82cad2fa9dcba14c8ac
[15-Oct-2025 04:23:25 Asia/Jakarta] HWID not found: a0f73869abbda82cad2fa9dcba14c8ac
[15-Oct-2025 04:24:26 Asia/Jakarta] HWID not found: a0f73869abbda82cad2fa9dcba14c8ac
[15-Oct-2025 04:25:14 Asia/Jakarta] HWID not found: a0f73869abbda82cad2fa9dcba14c8ac
[15-Oct-2025 04:25:25 Asia/Jakarta] HWID not found: a0f73869abbda82cad2fa9dcba14c8ac
[15-Oct-2025 04:27:15 Asia/Jakarta] HWID not found: a0f73869abbda82cad2fa9dcba14c8ac
[15-Oct-2025 04:27:25 Asia/Jakarta] HWID not found: a0f73869abbda82cad2fa9dcba14c8ac
[15-Oct-2025 04:29:15 Asia/Jakarta] HWID not found: a0f73869abbda82cad2fa9dcba14c8ac
[15-Oct-2025 04:29:26 Asia/Jakarta] HWID not found: a0f73869abbda82cad2fa9dcba14c8ac
[15-Oct-2025 04:31:15 Asia/Jakarta] HWID not found: a0f73869abbda82cad2fa9dcba14c8ac
[15-Oct-2025 04:31:26 Asia/Jakarta] HWID not found: a0f73869abbda82cad2fa9dcba14c8ac
[15-Oct-2025 04:33:15 Asia/Jakarta] HWID not found: a0f73869abbda82cad2fa9dcba14c8ac
[15-Oct-2025 04:33:26 Asia/Jakarta] HWID not found: a0f73869abbda82cad2fa9dcba14c8ac
[15-Oct-2025 04:35:16 Asia/Jakarta] HWID not found: a0f73869abbda82cad2fa9dcba14c8ac
[15-Oct-2025 04:35:27 Asia/Jakarta] HWID not found: a0f73869abbda82cad2fa9dcba14c8ac
[15-Oct-2025 04:37:16 Asia/Jakarta] HWID not found: a0f73869abbda82cad2fa9dcba14c8ac
[15-Oct-2025 04:37:27 Asia/Jakarta] HWID not found: a0f73869abbda82cad2fa9dcba14c8ac
[15-Oct-2025 04:39:16 Asia/Jakarta] HWID not found: a0f73869abbda82cad2fa9dcba14c8ac
[15-Oct-2025 17:38:14 Asia/Jakarta] HWID not found: 8d75da8749878a3d91ac4c8e781ae181
[15-Oct-2025 17:38:35 Asia/Jakarta] HWID not found: 8d75da8749878a3d91ac4c8e781ae181
[16-Oct-2025 14:58:15 Asia/Jakarta] HWID not found: 00f982d5de5064c2feb8e81c848ed7b4
[18-Oct-2025 17:22:48 Asia/Jakarta] HWID not found: 5bf9ca51225a82a188805e77a2211a7c
[18-Oct-2025 17:23:25 Asia/Jakarta] HWID not found: 5bf9ca51225a82a188805e77a2211a7c
[18-Oct-2025 17:25:25 Asia/Jakarta] HWID not found: 5bf9ca51225a82a188805e77a2211a7c
[18-Oct-2025 17:27:26 Asia/Jakarta] HWID not found: 5bf9ca51225a82a188805e77a2211a7c
[18-Oct-2025 17:35:03 Asia/Jakarta] HWID not found: 5bf9ca51225a82a188805e77a2211a7c
[18-Oct-2025 17:36:55 Asia/Jakarta] HWID not found: 5bf9ca51225a82a188805e77a2211a7c
